[debug] [2018-12-04T10:38:01.166Z] ----------------------------------------------------------------------
[debug] [2018-12-04T10:38:01.169Z] Command:       C:\Program Files\nodejs\node.exe C:\Users\Admin\AppData\Roaming\npm\node_modules\firebase-tools\lib\bin\firebase.js serve --only functions
[debug] [2018-12-04T10:38:01.169Z] CLI Version:   6.1.1
[debug] [2018-12-04T10:38:01.169Z] Platform:      win32
[debug] [2018-12-04T10:38:01.169Z] Node Version:  v8.12.0
[debug] [2018-12-04T10:38:01.170Z] Time:          Tue Dec 04 2018 16:08:01 GMT+0530 (India Standard Time)
[debug] [2018-12-04T10:38:01.170Z] ----------------------------------------------------------------------
[debug] 
[debug] [2018-12-04T10:38:01.182Z] > command requires scopes: ["email","openid","https://www.googleapis.com/auth/cloudplatformprojects.readonly","https://www.googleapis.com/auth/firebase","https://www.googleapis.com/auth/cloud-platform"]
[debug] [2018-12-04T10:38:01.182Z] > authorizing via signed-in user
[debug] [2018-12-04T10:38:01.182Z] [iam] checking project support-9f9d9 for permissions ["firebase.projects.get"]
[debug] [2018-12-04T10:38:01.185Z] >>> HTTP REQUEST POST https://cloudresourcemanager.googleapis.com/v1/projects/support-9f9d9:testIamPermissions  

[debug] [2018-12-04T10:38:03.055Z] <<< HTTP RESPONSE 200
[debug] [2018-12-04T10:38:03.055Z] >>> HTTP REQUEST GET https://cloudresourcemanager.googleapis.com/v1/projects/support-9f9d9  
 
[debug] [2018-12-04T10:38:04.682Z] <<< HTTP RESPONSE 200
[info] 
[info] === Serving from 'D:\Vignesh\Project\itsm\support'...
[info] 
[info] i  functions: Preparing to emulate functions.
[debug] [2018-12-04T10:38:05.817Z] Fetching environment
[debug] [2018-12-04T10:38:05.817Z] >>> HTTP REQUEST GET https://mobilesdk-pa.googleapis.com/v1/projects/970682566926:getServerAppConfig  
 
[debug] [2018-12-04T10:38:06.327Z] <<< HTTP RESPONSE 200
[debug] [2018-12-04T10:38:06.327Z] Starting @google-cloud/functions-emulator
[debug] [2018-12-04T10:38:08.977Z] Parsing function triggers
[info] +  functions: getTicket: http://localhost:5000/support-9f9d9/us-central1/getTicket
[debug] [2018-12-04T10:58:01.738Z] ----------------------------------------------------------------------
[debug] [2018-12-04T10:58:01.754Z] Command:       C:\Program Files\nodejs\node.exe C:\Users\Admin\AppData\Roaming\npm\node_modules\firebase-tools\lib\bin\firebase.js serve --only functions
[debug] [2018-12-04T10:58:01.754Z] CLI Version:   6.1.1
[debug] [2018-12-04T10:58:01.754Z] Platform:      win32
[debug] [2018-12-04T10:58:01.754Z] Node Version:  v8.12.0
[debug] [2018-12-04T10:58:01.754Z] Time:          Tue Dec 04 2018 16:28:01 GMT+0530 (India Standard Time)
[debug] [2018-12-04T10:58:01.754Z] ----------------------------------------------------------------------
[debug] 
[debug] [2018-12-04T10:58:01.754Z] > command requires scopes: ["email","openid","https://www.googleapis.com/auth/cloudplatformprojects.readonly","https://www.googleapis.com/auth/firebase","https://www.googleapis.com/auth/cloud-platform"]
[debug] [2018-12-04T10:58:01.754Z] > authorizing via signed-in user
[debug] [2018-12-04T10:58:01.769Z] [iam] checking project support-9f9d9 for permissions ["firebase.projects.get"]
[debug] [2018-12-04T10:58:01.769Z] > refreshing access token with scopes: ["email","https://www.googleapis.com/auth/cloud-platform","https://www.googleapis.com/auth/cloudplatformprojects.readonly","https://www.googleapis.com/auth/firebase","openid"]
[debug] [2018-12-04T10:58:01.769Z] >>> HTTP REQUEST POST https://www.googleapis.com/oauth2/v3/token  
 <request body omitted>
[debug] [2018-12-04T10:58:02.064Z] <<< HTTP RESPONSE 200
[debug] [2018-12-04T10:58:02.111Z] >>> HTTP REQUEST POST https://cloudresourcemanager.googleapis.com/v1/projects/support-9f9d9:testIamPermissions  

[debug] [2018-12-04T10:58:03.847Z] <<< HTTP RESPONSE 200
[debug] [2018-12-04T10:58:03.863Z] >>> HTTP REQUEST GET https://cloudresourcemanager.googleapis.com/v1/projects/support-9f9d9  
 
[debug] [2018-12-04T10:58:05.498Z] <<< HTTP RESPONSE 200
[info] 
[info] === Serving from 'D:\Vignesh\Project\itsm\support'...
[info] 
[info] i  functions: Preparing to emulate functions.
[debug] [2018-12-04T10:58:06.450Z] Fetching environment
[debug] [2018-12-04T10:58:06.450Z] >>> HTTP REQUEST GET https://mobilesdk-pa.googleapis.com/v1/projects/970682566926:getServerAppConfig  
 
[debug] [2018-12-04T10:58:06.952Z] <<< HTTP RESPONSE 200
[debug] [2018-12-04T10:58:06.952Z] Starting @google-cloud/functions-emulator
[debug] [2018-12-04T10:58:09.595Z] Parsing function triggers
[info] +  functions: getTicket: http://localhost:5000/support-9f9d9/us-central1/getTicket
